This is XeTeX, Version 3.141592653-2.6-0.999995 (MiKTeX 23.10.12) (preloaded format=xelatex 2023.12.10)  15 APR 2024 14:40
entering extended mode
 \write18 enabled.
 %&-line parsing enabled.
**./main.tex
(main.tex
LaTeX2e <2023-11-01>
L3 programming layer <2023-11-09>

(C:\Users\Reza Shahriari\AppData\Local\Programs\MiKTeX\tex/latex/base\article.c
ls
Document Class: article 2023/05/17 v1.4n Standard LaTeX document class

(C:\Users\Reza Shahriari\AppData\Local\Programs\MiKTeX\tex/latex/base\size10.cl
o
File: size10.clo 2023/05/17 v1.4n Standard LaTeX file (size option)
)
\c@part=\count182
\c@section=\count183
\c@subsection=\count184
\c@subsubsection=\count185
\c@paragraph=\count186
\c@subparagraph=\count187
\c@figure=\count188
\c@table=\count189
\abovecaptionskip=\skip48
\belowcaptionskip=\skip49
\bibindent=\dimen140
) (header.tex
(C:\Users\Reza Shahriari\AppData\Local\Programs\MiKTeX\tex/latex/base\inputenc.
sty
Package: inputenc 2021/02/14 v1.3d Input encoding file
\inpenc@prehook=\toks17
\inpenc@posthook=\toks18


Package inputenc Warning: inputenc package ignored with utf8 based engines.

)
(C:\Users\Reza Shahriari\AppData\Local\Programs\MiKTeX\tex/latex/geometry\geome
try.sty
Package: geometry 2020/01/02 v5.9 Page Geometry

(C:\Users\Reza Shahriari\AppData\Local\Programs\MiKTeX\tex/latex/graphics\keyva
l.sty
Package: keyval 2022/05/29 v1.15 key=value parser (DPC)
\KV@toks@=\toks19
)
(C:\Users\Reza Shahriari\AppData\Local\Programs\MiKTeX\tex/generic/iftex\ifvtex
.sty
Package: ifvtex 2019/10/25 v1.7 ifvtex legacy package. Use iftex instead.

(C:\Users\Reza Shahriari\AppData\Local\Programs\MiKTeX\tex/generic/iftex\iftex.
sty
Package: iftex 2022/02/03 v1.0f TeX engine tests
))
\Gm@cnth=\count190
\Gm@cntv=\count191
\c@Gm@tempcnt=\count192
\Gm@bindingoffset=\dimen141
\Gm@wd@mp=\dimen142
\Gm@odd@mp=\dimen143
\Gm@even@mp=\dimen144
\Gm@layoutwidth=\dimen145
\Gm@layoutheight=\dimen146
\Gm@layouthoffset=\dimen147
\Gm@layoutvoffset=\dimen148
\Gm@dimlist=\toks20

(C:\Users\Reza Shahriari\AppData\Local\Programs\MiKTeX\tex/latex/geometry\geome
try.cfg))
(C:\Users\Reza Shahriari\AppData\Local\Programs\MiKTeX\tex/latex/tcolorbox\tcol
orbox.sty
Package: tcolorbox 2023/09/26 version 6.1.0 text color boxes

(C:\Users\Reza Shahriari\AppData\Local\Programs\MiKTeX\tex/latex/pgf/basiclayer
\pgf.sty
(C:\Users\Reza Shahriari\AppData\Local\Programs\MiKTeX\tex/latex/pgf/utilities\
pgfrcs.sty
(C:\Users\Reza Shahriari\AppData\Local\Programs\MiKTeX\tex/generic/pgf/utilitie
s\pgfutil-common.tex
\pgfutil@everybye=\toks21
\pgfutil@tempdima=\dimen149
\pgfutil@tempdimb=\dimen150
)
(C:\Users\Reza Shahriari\AppData\Local\Programs\MiKTeX\tex/generic/pgf/utilitie
s\pgfutil-latex.def
\pgfutil@abb=\box51
)
(C:\Users\Reza Shahriari\AppData\Local\Programs\MiKTeX\tex/generic/pgf/utilitie
s\pgfrcs.code.tex
(C:\Users\Reza Shahriari\AppData\Local\Programs\MiKTeX\tex/generic/pgf\pgf.revi
sion.tex)
Package: pgfrcs 2023-01-15 v3.1.10 (3.1.10)
))
Package: pgf 2023-01-15 v3.1.10 (3.1.10)

(C:\Users\Reza Shahriari\AppData\Local\Programs\MiKTeX\tex/latex/pgf/basiclayer
\pgfcore.sty
(C:\Users\Reza Shahriari\AppData\Local\Programs\MiKTeX\tex/latex/graphics\graph
icx.sty
Package: graphicx 2021/09/16 v1.2d Enhanced LaTeX Graphics (DPC,SPQR)

(C:\Users\Reza Shahriari\AppData\Local\Programs\MiKTeX\tex/latex/graphics\graph
ics.sty
Package: graphics 2022/03/10 v1.4e Standard LaTeX Graphics (DPC,SPQR)

(C:\Users\Reza Shahriari\AppData\Local\Programs\MiKTeX\tex/latex/graphics\trig.
sty
Package: trig 2021/08/11 v1.11 sin cos tan (DPC)
)
(C:\Users\Reza Shahriari\AppData\Local\Programs\MiKTeX\tex/latex/graphics-cfg\g
raphics.cfg
File: graphics.cfg 2016/06/04 v1.11 sample graphics configuration
)
Package graphics Info: Driver file: xetex.def on input line 107.

(C:\Users\Reza Shahriari\AppData\Local\Programs\MiKTeX\tex/latex/graphics-def\x
etex.def
File: xetex.def 2022/09/22 v5.0n Graphics/color driver for xetex
))
\Gin@req@height=\dimen151
\Gin@req@width=\dimen152
)
(C:\Users\Reza Shahriari\AppData\Local\Programs\MiKTeX\tex/latex/pgf/systemlaye
r\pgfsys.sty
(C:\Users\Reza Shahriari\AppData\Local\Programs\MiKTeX\tex/generic/pgf/systemla
yer\pgfsys.code.tex
Package: pgfsys 2023-01-15 v3.1.10 (3.1.10)

(C:\Users\Reza Shahriari\AppData\Local\Programs\MiKTeX\tex/generic/pgf/utilitie
s\pgfkeys.code.tex
\pgfkeys@pathtoks=\toks22
\pgfkeys@temptoks=\toks23

(C:\Users\Reza Shahriari\AppData\Local\Programs\MiKTeX\tex/generic/pgf/utilitie
s\pgfkeyslibraryfiltered.code.tex
\pgfkeys@tmptoks=\toks24
))
\pgf@x=\dimen153
\pgf@y=\dimen154
\pgf@xa=\dimen155
\pgf@ya=\dimen156
\pgf@xb=\dimen157
\pgf@yb=\dimen158
\pgf@xc=\dimen159
\pgf@yc=\dimen160
\pgf@xd=\dimen161
\pgf@yd=\dimen162
\w@pgf@writea=\write3
\r@pgf@reada=\read2
\c@pgf@counta=\count193
\c@pgf@countb=\count194
\c@pgf@countc=\count195
\c@pgf@countd=\count196
\t@pgf@toka=\toks25
\t@pgf@tokb=\toks26
\t@pgf@tokc=\toks27
\pgf@sys@id@count=\count197

(C:\Users\Reza Shahriari\AppData\Local\Programs\MiKTeX\tex/generic/pgf/systemla
yer\pgf.cfg
File: pgf.cfg 2023-01-15 v3.1.10 (3.1.10)
)
Driver file for pgf: pgfsys-xetex.def

(C:\Users\Reza Shahriari\AppData\Local\Programs\MiKTeX\tex/generic/pgf/systemla
yer\pgfsys-xetex.def
File: pgfsys-xetex.def 2023-01-15 v3.1.10 (3.1.10)

(C:\Users\Reza Shahriari\AppData\Local\Programs\MiKTeX\tex/generic/pgf/systemla
yer\pgfsys-dvipdfmx.def
File: pgfsys-dvipdfmx.def 2023-01-15 v3.1.10 (3.1.10)

(C:\Users\Reza Shahriari\AppData\Local\Programs\MiKTeX\tex/generic/pgf/systemla
yer\pgfsys-common-pdf.def
File: pgfsys-common-pdf.def 2023-01-15 v3.1.10 (3.1.10)
)
\pgfsys@objnum=\count198
)))
(C:\Users\Reza Shahriari\AppData\Local\Programs\MiKTeX\tex/generic/pgf/systemla
yer\pgfsyssoftpath.code.tex
File: pgfsyssoftpath.code.tex 2023-01-15 v3.1.10 (3.1.10)
\pgfsyssoftpath@smallbuffer@items=\count199
\pgfsyssoftpath@bigbuffer@items=\count266
)
(C:\Users\Reza Shahriari\AppData\Local\Programs\MiKTeX\tex/generic/pgf/systemla
yer\pgfsysprotocol.code.tex
File: pgfsysprotocol.code.tex 2023-01-15 v3.1.10 (3.1.10)
))
(C:\Users\Reza Shahriari\AppData\Local\Programs\MiKTeX\tex/latex/xcolor\xcolor.
sty
Package: xcolor 2023/11/15 v3.01 LaTeX color extensions (UK)

(C:\Users\Reza Shahriari\AppData\Local\Programs\MiKTeX\tex/latex/graphics-cfg\c
olor.cfg
File: color.cfg 2016/01/02 v1.6 sample color configuration
)
Package xcolor Info: Driver file: xetex.def on input line 274.

(C:\Users\Reza Shahriari\AppData\Local\Programs\MiKTeX\tex/latex/graphics\mathc
olor.ltx)
Package xcolor Info: Model `cmy' substituted by `cmy0' on input line 1350.
Package xcolor Info: Model `RGB' extended on input line 1366.
Package xcolor Info: Model `HTML' substituted by `rgb' on input line 1368.
Package xcolor Info: Model `Hsb' substituted by `hsb' on input line 1369.
Package xcolor Info: Model `tHsb' substituted by `hsb' on input line 1370.
Package xcolor Info: Model `HSB' substituted by `hsb' on input line 1371.
Package xcolor Info: Model `Gray' substituted by `gray' on input line 1372.
Package xcolor Info: Model `wave' substituted by `hsb' on input line 1373.
)
(C:\Users\Reza Shahriari\AppData\Local\Programs\MiKTeX\tex/generic/pgf/basiclay
er\pgfcore.code.tex
Package: pgfcore 2023-01-15 v3.1.10 (3.1.10)

(C:\Users\Reza Shahriari\AppData\Local\Programs\MiKTeX\tex/generic/pgf/math\pgf
math.code.tex
(C:\Users\Reza Shahriari\AppData\Local\Programs\MiKTeX\tex/generic/pgf/math\pgf
mathutil.code.tex)
(C:\Users\Reza Shahriari\AppData\Local\Programs\MiKTeX\tex/generic/pgf/math\pgf
mathparser.code.tex
\pgfmath@dimen=\dimen163
\pgfmath@count=\count267
\pgfmath@box=\box52
\pgfmath@toks=\toks28
\pgfmath@stack@operand=\toks29
\pgfmath@stack@operation=\toks30
)
(C:\Users\Reza Shahriari\AppData\Local\Programs\MiKTeX\tex/generic/pgf/math\pgf
mathfunctions.code.tex)
(C:\Users\Reza Shahriari\AppData\Local\Programs\MiKTeX\tex/generic/pgf/math\pgf
mathfunctions.basic.code.tex)
(C:\Users\Reza Shahriari\AppData\Local\Programs\MiKTeX\tex/generic/pgf/math\pgf
mathfunctions.trigonometric.code.tex)
(C:\Users\Reza Shahriari\AppData\Local\Programs\MiKTeX\tex/generic/pgf/math\pgf
mathfunctions.random.code.tex)
(C:\Users\Reza Shahriari\AppData\Local\Programs\MiKTeX\tex/generic/pgf/math\pgf
mathfunctions.comparison.code.tex)
(C:\Users\Reza Shahriari\AppData\Local\Programs\MiKTeX\tex/generic/pgf/math\pgf
mathfunctions.base.code.tex)
(C:\Users\Reza Shahriari\AppData\Local\Programs\MiKTeX\tex/generic/pgf/math\pgf
mathfunctions.round.code.tex)
(C:\Users\Reza Shahriari\AppData\Local\Programs\MiKTeX\tex/generic/pgf/math\pgf
mathfunctions.misc.code.tex)
(C:\Users\Reza Shahriari\AppData\Local\Programs\MiKTeX\tex/generic/pgf/math\pgf
mathfunctions.integerarithmetics.code.tex)
(C:\Users\Reza Shahriari\AppData\Local\Programs\MiKTeX\tex/generic/pgf/math\pgf
mathcalc.code.tex)
(C:\Users\Reza Shahriari\AppData\Local\Programs\MiKTeX\tex/generic/pgf/math\pgf
mathfloat.code.tex
\c@pgfmathroundto@lastzeros=\count268
))
(C:\Users\Reza Shahriari\AppData\Local\Programs\MiKTeX\tex/generic/pgf/math\pgf
int.code.tex)
(C:\Users\Reza Shahriari\AppData\Local\Programs\MiKTeX\tex/generic/pgf/basiclay
er\pgfcorepoints.code.tex
File: pgfcorepoints.code.tex 2023-01-15 v3.1.10 (3.1.10)
\pgf@picminx=\dimen164
\pgf@picmaxx=\dimen165
\pgf@picminy=\dimen166
\pgf@picmaxy=\dimen167
\pgf@pathminx=\dimen168
\pgf@pathmaxx=\dimen169
\pgf@pathminy=\dimen170
\pgf@pathmaxy=\dimen171
\pgf@xx=\dimen172
\pgf@xy=\dimen173
\pgf@yx=\dimen174
\pgf@yy=\dimen175
\pgf@zx=\dimen176
\pgf@zy=\dimen177
)
(C:\Users\Reza Shahriari\AppData\Local\Programs\MiKTeX\tex/generic/pgf/basiclay
er\pgfcorepathconstruct.code.tex
File: pgfcorepathconstruct.code.tex 2023-01-15 v3.1.10 (3.1.10)
\pgf@path@lastx=\dimen178
\pgf@path@lasty=\dimen179
)
(C:\Users\Reza Shahriari\AppData\Local\Programs\MiKTeX\tex/generic/pgf/basiclay
er\pgfcorepathusage.code.tex
File: pgfcorepathusage.code.tex 2023-01-15 v3.1.10 (3.1.10)
\pgf@shorten@end@additional=\dimen180
\pgf@shorten@start@additional=\dimen181
)
(C:\Users\Reza Shahriari\AppData\Local\Programs\MiKTeX\tex/generic/pgf/basiclay
er\pgfcorescopes.code.tex
File: pgfcorescopes.code.tex 2023-01-15 v3.1.10 (3.1.10)
\pgfpic=\box53
\pgf@hbox=\box54
\pgf@layerbox@main=\box55
\pgf@picture@serial@count=\count269
)
(C:\Users\Reza Shahriari\AppData\Local\Programs\MiKTeX\tex/generic/pgf/basiclay
er\pgfcoregraphicstate.code.tex
File: pgfcoregraphicstate.code.tex 2023-01-15 v3.1.10 (3.1.10)
\pgflinewidth=\dimen182
)
(C:\Users\Reza Shahriari\AppData\Local\Programs\MiKTeX\tex/generic/pgf/basiclay
er\pgfcoretransformations.code.tex
File: pgfcoretransformations.code.tex 2023-01-15 v3.1.10 (3.1.10)
\pgf@pt@x=\dimen183
\pgf@pt@y=\dimen184
\pgf@pt@temp=\dimen185
)
(C:\Users\Reza Shahriari\AppData\Local\Programs\MiKTeX\tex/generic/pgf/basiclay
er\pgfcorequick.code.tex
File: pgfcorequick.code.tex 2023-01-15 v3.1.10 (3.1.10)
)
(C:\Users\Reza Shahriari\AppData\Local\Programs\MiKTeX\tex/generic/pgf/basiclay
er\pgfcoreobjects.code.tex
File: pgfcoreobjects.code.tex 2023-01-15 v3.1.10 (3.1.10)
)
(C:\Users\Reza Shahriari\AppData\Local\Programs\MiKTeX\tex/generic/pgf/basiclay
er\pgfcorepathprocessing.code.tex
File: pgfcorepathprocessing.code.tex 2023-01-15 v3.1.10 (3.1.10)
)
(C:\Users\Reza Shahriari\AppData\Local\Programs\MiKTeX\tex/generic/pgf/basiclay
er\pgfcorearrows.code.tex
File: pgfcorearrows.code.tex 2023-01-15 v3.1.10 (3.1.10)
\pgfarrowsep=\dimen186
)
(C:\Users\Reza Shahriari\AppData\Local\Programs\MiKTeX\tex/generic/pgf/basiclay
er\pgfcoreshade.code.tex
File: pgfcoreshade.code.tex 2023-01-15 v3.1.10 (3.1.10)
\pgf@max=\dimen187
\pgf@sys@shading@range@num=\count270
\pgf@shadingcount=\count271
)
(C:\Users\Reza Shahriari\AppData\Local\Programs\MiKTeX\tex/generic/pgf/basiclay
er\pgfcoreimage.code.tex
File: pgfcoreimage.code.tex 2023-01-15 v3.1.10 (3.1.10)
)
(C:\Users\Reza Shahriari\AppData\Local\Programs\MiKTeX\tex/generic/pgf/basiclay
er\pgfcoreexternal.code.tex
File: pgfcoreexternal.code.tex 2023-01-15 v3.1.10 (3.1.10)
\pgfexternal@startupbox=\box56
)
(C:\Users\Reza Shahriari\AppData\Local\Programs\MiKTeX\tex/generic/pgf/basiclay
er\pgfcorelayers.code.tex
File: pgfcorelayers.code.tex 2023-01-15 v3.1.10 (3.1.10)
)
(C:\Users\Reza Shahriari\AppData\Local\Programs\MiKTeX\tex/generic/pgf/basiclay
er\pgfcoretransparency.code.tex
File: pgfcoretransparency.code.tex 2023-01-15 v3.1.10 (3.1.10)
)
(C:\Users\Reza Shahriari\AppData\Local\Programs\MiKTeX\tex/generic/pgf/basiclay
er\pgfcorepatterns.code.tex
File: pgfcorepatterns.code.tex 2023-01-15 v3.1.10 (3.1.10)
)
(C:\Users\Reza Shahriari\AppData\Local\Programs\MiKTeX\tex/generic/pgf/basiclay
er\pgfcorerdf.code.tex
File: pgfcorerdf.code.tex 2023-01-15 v3.1.10 (3.1.10)
)))
(C:\Users\Reza Shahriari\AppData\Local\Programs\MiKTeX\tex/generic/pgf/modules\
pgfmoduleshapes.code.tex
File: pgfmoduleshapes.code.tex 2023-01-15 v3.1.10 (3.1.10)
\pgfnodeparttextbox=\box57
)
(C:\Users\Reza Shahriari\AppData\Local\Programs\MiKTeX\tex/generic/pgf/modules\
pgfmoduleplot.code.tex
File: pgfmoduleplot.code.tex 2023-01-15 v3.1.10 (3.1.10)
)
(C:\Users\Reza Shahriari\AppData\Local\Programs\MiKTeX\tex/latex/pgf/compatibil
ity\pgfcomp-version-0-65.sty
Package: pgfcomp-version-0-65 2023-01-15 v3.1.10 (3.1.10)
\pgf@nodesepstart=\dimen188
\pgf@nodesepend=\dimen189
)
(C:\Users\Reza Shahriari\AppData\Local\Programs\MiKTeX\tex/latex/pgf/compatibil
ity\pgfcomp-version-1-18.sty
Package: pgfcomp-version-1-18 2023-01-15 v3.1.10 (3.1.10)
))
(C:\Users\Reza Shahriari\AppData\Local\Programs\MiKTeX\tex/latex/tools\verbatim
.sty
Package: verbatim 2023-11-06 v1.5v LaTeX2e package for verbatim enhancements
\every@verbatim=\toks31
\verbatim@line=\toks32
\verbatim@in@stream=\read3
)
(C:\Users\Reza Shahriari\AppData\Local\Programs\MiKTeX\tex/latex/environ\enviro
n.sty
Package: environ 2014/05/04 v0.3 A new way to define environments

(C:\Users\Reza Shahriari\AppData\Local\Programs\MiKTeX\tex/latex/trimspaces\tri
mspaces.sty
Package: trimspaces 2009/09/17 v1.1 Trim spaces around a token list
)
\@envbody=\toks33
)
(C:\Users\Reza Shahriari\AppData\Local\Programs\MiKTeX\tex/latex/etoolbox\etool
box.sty
Package: etoolbox 2020/10/05 v2.5k e-TeX tools for LaTeX (JAW)
\etb@tempcnta=\count272
)
\tcb@titlebox=\box58
\tcb@upperbox=\box59
\tcb@lowerbox=\box60
\tcb@phantombox=\box61
\c@tcbbreakpart=\count273
\c@tcblayer=\count274
\c@tcolorbox@number=\count275
\tcb@temp=\box62
\tcb@temp=\box63
\tcb@temp=\box64
\tcb@temp=\box65
)
(C:\Users\Reza Shahriari\AppData\Local\Programs\MiKTeX\tex/latex/tcolorbox\tcbs
kins.code.tex
Library (tcolorbox): 'tcbskins.code.tex' version '6.1.0'

(C:\Users\Reza Shahriari\AppData\Local\Programs\MiKTeX\tex/latex/pgf/frontendla
yer\tikz.sty
(C:\Users\Reza Shahriari\AppData\Local\Programs\MiKTeX\tex/latex/pgf/utilities\
pgffor.sty
(C:\Users\Reza Shahriari\AppData\Local\Programs\MiKTeX\tex/latex/pgf/utilities\
pgfkeys.sty
(C:\Users\Reza Shahriari\AppData\Local\Programs\MiKTeX\tex/generic/pgf/utilitie
s\pgfkeys.code.tex))
(C:\Users\Reza Shahriari\AppData\Local\Programs\MiKTeX\tex/latex/pgf/math\pgfma
th.sty
(C:\Users\Reza Shahriari\AppData\Local\Programs\MiKTeX\tex/generic/pgf/math\pgf
math.code.tex))
(C:\Users\Reza Shahriari\AppData\Local\Programs\MiKTeX\tex/generic/pgf/utilitie
s\pgffor.code.tex
Package: pgffor 2023-01-15 v3.1.10 (3.1.10)
\pgffor@iter=\dimen190
\pgffor@skip=\dimen191
\pgffor@stack=\toks34
\pgffor@toks=\toks35
))
(C:\Users\Reza Shahriari\AppData\Local\Programs\MiKTeX\tex/generic/pgf/frontend
layer/tikz\tikz.code.tex
Package: tikz 2023-01-15 v3.1.10 (3.1.10)

(C:\Users\Reza Shahriari\AppData\Local\Programs\MiKTeX\tex/generic/pgf/librarie
s\pgflibraryplothandlers.code.tex
File: pgflibraryplothandlers.code.tex 2023-01-15 v3.1.10 (3.1.10)
\pgf@plot@mark@count=\count276
\pgfplotmarksize=\dimen192
)
\tikz@lastx=\dimen193
\tikz@lasty=\dimen194
\tikz@lastxsaved=\dimen195
\tikz@lastysaved=\dimen196
\tikz@lastmovetox=\dimen197
\tikz@lastmovetoy=\dimen198
\tikzleveldistance=\dimen199
\tikzsiblingdistance=\dimen256
\tikz@figbox=\box66
\tikz@figbox@bg=\box67
\tikz@tempbox=\box68
\tikz@tempbox@bg=\box69
\tikztreelevel=\count277
\tikznumberofchildren=\count278
\tikznumberofcurrentchild=\count279
\tikz@fig@count=\count280

(C:\Users\Reza Shahriari\AppData\Local\Programs\MiKTeX\tex/generic/pgf/modules\
pgfmodulematrix.code.tex
File: pgfmodulematrix.code.tex 2023-01-15 v3.1.10 (3.1.10)
\pgfmatrixcurrentrow=\count281
\pgfmatrixcurrentcolumn=\count282
\pgf@matrix@numberofcolumns=\count283
)
\tikz@expandcount=\count284

(C:\Users\Reza Shahriari\AppData\Local\Programs\MiKTeX\tex/generic/pgf/frontend
layer/tikz/libraries\tikzlibrarytopaths.code.tex
File: tikzlibrarytopaths.code.tex 2023-01-15 v3.1.10 (3.1.10)
)))
(C:\Users\Reza Shahriari\AppData\Local\Programs\MiKTeX\tex/latex/tikzfill\tikzf
ill.image.sty
Package: tikzfill.image 2023/08/08 v1.0.1 Image filling library for TikZ

(C:\Users\Reza Shahriari\AppData\Local\Programs\MiKTeX\tex/latex/tikzfill\tikzf
ill-common.sty
Package: tikzfill-common 2023/08/08 v1.0.1 Auxiliary code for tikzfill
)
(C:\Users\Reza Shahriari\AppData\Local\Programs\MiKTeX\tex/latex/tikzfill\tikzl
ibraryfill.image.code.tex
File: tikzlibraryfill.image.code.tex 2023/08/08 v1.0.1 Image filling library
\l__tikzfill_img_box=\box70
))
(C:\Users\Reza Shahriari\AppData\Local\Programs\MiKTeX\tex/latex/tcolorbox\tcbs
kinsjigsaw.code.tex
Library (tcolorbox): 'tcbskinsjigsaw.code.tex' version '6.1.0'
))
(C:\Users\Reza Shahriari\AppData\Local\Programs\MiKTeX\tex/latex/minted\minted.
sty
Package: minted 2023/12/18 v2.9 Yet another Pygments shim for LaTeX

(C:\Users\Reza Shahriari\AppData\Local\Programs\MiKTeX\tex/latex/kvoptions\kvop
tions.sty
Package: kvoptions 2022-06-15 v3.15 Key value format for package options (HO)

(C:\Users\Reza Shahriari\AppData\Local\Programs\MiKTeX\tex/generic/ltxcmds\ltxc
mds.sty
Package: ltxcmds 2020-05-10 v1.25 LaTeX kernel commands for general use (HO)
)
(C:\Users\Reza Shahriari\AppData\Local\Programs\MiKTeX\tex/latex/kvsetkeys\kvse
tkeys.sty
Package: kvsetkeys 2022-10-05 v1.19 Key value parser (HO)
))
(C:\Users\Reza Shahriari\AppData\Local\Programs\MiKTeX\tex/latex/fvextra\fvextr
a.sty
Package: fvextra 2023/11/28 v1.6.1 fvextra - extensions and patches for fancyvr
b

(C:\Users\Reza Shahriari\AppData\Local\Programs\MiKTeX\tex/latex/fancyvrb\fancy
vrb.sty
Package: fancyvrb 2024/01/20 4.5c verbatim text (tvz,hv)
\FV@CodeLineNo=\count285
\FV@InFile=\read4
\FV@TabBox=\box71
\c@FancyVerbLine=\count286
\FV@StepNumber=\count287
\FV@OutFile=\write4
)
(C:\Users\Reza Shahriari\AppData\Local\Programs\MiKTeX\tex/latex/upquote\upquot
e.sty
Package: upquote 2012/04/19 v1.3 upright-quote and grave-accent glyphs in verba
tim

(C:\Users\Reza Shahriari\AppData\Local\Programs\MiKTeX\tex/latex/base\textcomp.
sty
Package: textcomp 2020/02/02 v2.0n Standard LaTeX package
))
(C:\Users\Reza Shahriari\AppData\Local\Programs\MiKTeX\tex/latex/lineno\lineno.
sty
Package: lineno 2023/05/20 line numbers on paragraphs v5.3
Invalid UTF-8 byte or sequence at line 292 replaced by U+FFFD.
\linenopenalty=\count288
\output=\toks36
\linenoprevgraf=\count289
\linenumbersep=\dimen257
\linenumberwidth=\dimen258
\c@linenumber=\count290
\c@pagewiselinenumber=\count291
\c@LN@truepage=\count292
\c@internallinenumber=\count293
\c@internallinenumbers=\count294
\quotelinenumbersep=\dimen259
\bframerule=\dimen260
\bframesep=\dimen261
\bframebox=\box72
LaTeX Info: Redefining \\ on input line 3180.
)
\c@FancyVerbWriteLine=\count295
\c@FancyVerbBufferIndex=\count296
\c@FancyVerbBufferLength=\count297
\c@FancyVerbBufferLine=\count298
\c@FV@oldbufferlength=\count299
\c@FV@TrueTabGroupLevel=\count300
\c@FV@TrueTabCounter=\count301
\FV@TabBox@Group=\box73
\FV@TmpLength=\skip50
\c@FV@HighlightLinesStart=\count302
\c@FV@HighlightLinesStop=\count303
\FV@LoopCount=\count304
\FV@NCharsBox=\box74
\FV@BreakIndent=\dimen262
\FV@BreakIndentNChars=\count305
\FV@BreakSymbolSepLeft=\dimen263
\FV@BreakSymbolSepLeftNChars=\count306
\FV@BreakSymbolSepRight=\dimen264
\FV@BreakSymbolSepRightNChars=\count307
\FV@BreakSymbolIndentLeft=\dimen265
\FV@BreakSymbolIndentLeftNChars=\count308
\FV@BreakSymbolIndentRight=\dimen266
\FV@BreakSymbolIndentRightNChars=\count309
\c@FancyVerbLineBreakLast=\count310
\FV@LineBox=\box75
\FV@LineIndentBox=\box76
\c@FV@BreakBufferDepth=\count311
\FV@LineWidth=\dimen267
)
(C:\Users\Reza Shahriari\AppData\Local\Programs\MiKTeX\tex/latex/base\ifthen.st
y
Package: ifthen 2022/04/13 v1.1d Standard LaTeX ifthen package (DPC)
)
(C:\Users\Reza Shahriari\AppData\Local\Programs\MiKTeX\tex/latex/tools\shellesc
.sty
Package: shellesc 2023/07/08 v1.0d unified shell escape interface for LaTeX
Package shellesc Info: Unrestricted shell escape enabled on input line 75.
)
(C:\Users\Reza Shahriari\AppData\Local\Programs\MiKTeX\tex/latex/ifplatform\ifp
latform.sty
Package: ifplatform 2017/10/13 v0.4a Testing for the operating system

(C:\Users\Reza Shahriari\AppData\Local\Programs\MiKTeX\tex/generic/pdftexcmds\p
dftexcmds.sty
Package: pdftexcmds 2020-06-27 v0.33 Utility functions of pdfTeX for LuaTeX (HO
)

(C:\Users\Reza Shahriari\AppData\Local\Programs\MiKTeX\tex/generic/infwarerr\in
fwarerr.sty
Package: infwarerr 2019/12/03 v1.5 Providing info/warning/error messages (HO)
)
Package pdftexcmds Info: \pdf@primitive is available.
Package pdftexcmds Info: \pdf@ifprimitive is available.
Package pdftexcmds Info: \pdfdraftmode not found.
)
(C:\Users\Reza Shahriari\AppData\Local\Programs\MiKTeX\tex/generic/catchfile\ca
tchfile.sty
Package: catchfile 2019/12/09 v1.8 Catch the contents of a file (HO)

(C:\Users\Reza Shahriari\AppData\Local\Programs\MiKTeX\tex/generic/etexcmds\ete
xcmds.sty
Package: etexcmds 2019/12/15 v1.7 Avoid name clashes with e-TeX commands (HO)
))
(C:\Users\Reza Shahriari\AppData\Local\Programs\MiKTeX\tex/generic/iftex\ifluat
ex.sty
Package: ifluatex 2019/10/25 v1.5 ifluatex legacy package. Use iftex instead.
))
(C:\Users\Reza Shahriari\AppData\Local\Programs\MiKTeX\tex/latex/xstring\xstrin
g.sty
(C:\Users\Reza Shahriari\AppData\Local\Programs\MiKTeX\tex/generic/xstring\xstr
ing.tex
\xs_counta=\count312
\xs_countb=\count313
)
Package: xstring 2023/08/22 v1.86 String manipulations (CT)
)
(C:\Users\Reza Shahriari\AppData\Local\Programs\MiKTeX\tex/latex/framed\framed.
sty
Package: framed 2011/10/22 v 0.96: framed or shaded text with page breaks
\OuterFrameSep=\skip51
\fb@frw=\dimen268
\fb@frh=\dimen269
\FrameRule=\dimen270
\FrameSep=\dimen271
)
(C:\Users\Reza Shahriari\AppData\Local\Programs\MiKTeX\tex/latex/float\float.st
y
Package: float 2001/11/08 v1.3d Float enhancements (AL)
\c@float@type=\count314
\float@exts=\toks37
\float@box=\box77
\@float@everytoks=\toks38
\@floatcapt=\box78
)
\minted@appexistsfile=\read5
\minted@bgbox=\box79
\minted@code=\write5
\c@minted@FancyVerbLineTemp=\count315
\c@minted@pygmentizecounter=\count316
\@float@every@listing=\toks39
\c@listing=\count317
)
runsystem(if not exist _minted-main mkdir _minted-main)...executed.


(C:\Users\Reza Shahriari\AppData\Local\Programs\MiKTeX\tex/generic/pgf/frontend
layer/tikz/libraries\tikzlibrarycalc.code.tex
File: tikzlibrarycalc.code.tex 2023-01-15 v3.1.10 (3.1.10)
)
(C:\Users\Reza Shahriari\AppData\Local\Programs\MiKTeX\tex/latex/tools\tabularx
.sty
Package: tabularx 2023/07/08 v2.11c `tabularx' package (DPC)

(C:\Users\Reza Shahriari\AppData\Local\Programs\MiKTeX\tex/latex/tools\array.st
y
Package: array 2023/10/16 v2.5g Tabular extension package (FMi)
\col@sep=\dimen272
\ar@mcellbox=\box80
\extrarowheight=\dimen273
\NC@list=\toks40
\extratabsurround=\skip52
\backup@length=\skip53
\ar@cellbox=\box81
)
\TX@col@width=\dimen274
\TX@old@table=\dimen275
\TX@old@col=\dimen276
\TX@target=\dimen277
\TX@delta=\dimen278
\TX@cols=\count318
\TX@ftn=\toks41
)
(C:\Users\Reza Shahriari\AppData\Local\Programs\MiKTeX\tex/latex/colortbl\color
tbl.sty
Package: colortbl 2022/06/20 v1.0f Color table columns (DPC)
\everycr=\toks42
\minrowclearance=\skip54
\rownum=\count319
)
(C:\Users\Reza Shahriari\AppData\Local\Programs\MiKTeX\tex/latex/amsfonts\amsfo
nts.sty
Package: amsfonts 2013/01/14 v3.01 Basic AMSFonts support
\@emptytoks=\toks43
\symAMSa=\mathgroup4
\symAMSb=\mathgroup5
LaTeX Font Info:    Redeclaring math symbol \hbar on input line 98.
LaTeX Font Info:    Overwriting math alphabet `\mathfrak' in version `bold'
(Font)                  U/euf/m/n --> U/euf/b/n on input line 106.
)
(C:\Users\Reza Shahriari\AppData\Local\Programs\MiKTeX\tex/latex/amsmath\amsmat
h.sty
Package: amsmath 2023/05/13 v2.17o AMS math features
\@mathmargin=\skip55

For additional information on amsmath, use the `?' option.

(C:\Users\Reza Shahriari\AppData\Local\Programs\MiKTeX\tex/latex/amsmath\amstex
t.sty
Package: amstext 2021/08/26 v2.01 AMS text

(C:\Users\Reza Shahriari\AppData\Local\Programs\MiKTeX\tex/latex/amsmath\amsgen
.sty
File: amsgen.sty 1999/11/30 v2.0 generic functions
\@emptytoks=\toks44
\ex@=\dimen279
))
(C:\Users\Reza Shahriari\AppData\Local\Programs\MiKTeX\tex/latex/amsmath\amsbsy
.sty
Package: amsbsy 1999/11/29 v1.2d Bold Symbols
\pmbraise@=\dimen280
)
(C:\Users\Reza Shahriari\AppData\Local\Programs\MiKTeX\tex/latex/amsmath\amsopn
.sty
Package: amsopn 2022/04/08 v2.04 operator names
)
\inf@bad=\count320
LaTeX Info: Redefining \frac on input line 234.
\uproot@=\count321
\leftroot@=\count322
LaTeX Info: Redefining \overline on input line 399.
LaTeX Info: Redefining \colon on input line 410.
\classnum@=\count323
\DOTSCASE@=\count324
LaTeX Info: Redefining \ldots on input line 496.
LaTeX Info: Redefining \dots on input line 499.
LaTeX Info: Redefining \cdots on input line 620.
\Mathstrutbox@=\box82
\strutbox@=\box83
LaTeX Info: Redefining \big on input line 722.
LaTeX Info: Redefining \Big on input line 723.
LaTeX Info: Redefining \bigg on input line 724.
LaTeX Info: Redefining \Bigg on input line 725.
\big@size=\dimen281
LaTeX Font Info:    Redeclaring font encoding OML on input line 743.
LaTeX Font Info:    Redeclaring font encoding OMS on input line 744.
\macc@depth=\count325
LaTeX Info: Redefining \bmod on input line 905.
LaTeX Info: Redefining \pmod on input line 910.
LaTeX Info: Redefining \smash on input line 940.
LaTeX Info: Redefining \relbar on input line 970.
LaTeX Info: Redefining \Relbar on input line 971.
\c@MaxMatrixCols=\count326
\dotsspace@=\muskip16
\c@parentequation=\count327
\dspbrk@lvl=\count328
\tag@help=\toks45
\row@=\count329
\column@=\count330
\maxfields@=\count331
\andhelp@=\toks46
\eqnshift@=\dimen282
\alignsep@=\dimen283
\tagshift@=\dimen284
\tagwidth@=\dimen285
\totwidth@=\dimen286
\lineht@=\dimen287
\@envbody=\toks47
\multlinegap=\skip56
\multlinetaggap=\skip57
\mathdisplay@stack=\toks48
LaTeX Info: Redefining \[ on input line 2953.
LaTeX Info: Redefining \] on input line 2954.
)
\linenoamsmath@ams@eqpen=\count332

(C:\Users\Reza Shahriari\AppData\Local\Programs\MiKTeX\tex/latex/amsfonts\amssy
mb.sty
Package: amssymb 2013/01/14 v3.01 AMS font symbols
)
(C:\Users\Reza Shahriari\AppData\Local\Programs\MiKTeX\tex/latex/titling\titlin
g.sty
Package: titling 2009/09/04 v2.1d maketitle typesetting
\thanksmarkwidth=\skip58
\thanksmargin=\skip59
\droptitle=\skip60
)
(C:\Users\Reza Shahriari\AppData\Local\Programs\MiKTeX\tex/latex/jknappen\mathr
sfs.sty
Package: mathrsfs 1996/01/01 Math RSFS package v1.0 (jk)
\symrsfs=\mathgroup6
)
(C:\Users\Reza Shahriari\AppData\Local\Programs\MiKTeX\tex/latex/tools\calc.sty
Package: calc 2023/07/08 v4.3 Infix arithmetic (KKT,FJ)
\calc@Acount=\count333
\calc@Bcount=\count334
\calc@Adimen=\dimen288
\calc@Bdimen=\dimen289
\calc@Askip=\skip61
\calc@Bskip=\skip62
LaTeX Info: Redefining \setlength on input line 80.
LaTeX Info: Redefining \addtolength on input line 81.
\calc@Ccount=\count335
\calc@Cskip=\skip63
)
(C:\Users\Reza Shahriari\AppData\Local\Programs\MiKTeX\tex/xelatex/xepersian\xe
persian.sty
Package: xepersian 2023/08/30 v25.0 (Release Women, Life, and Freedom) Persian 
typesetting in XeLaTeX

(C:\Users\Reza Shahriari\AppData\Local\Programs\MiKTeX\tex/latex/fontspec\fonts
pec.sty
(C:\Users\Reza Shahriari\AppData\Local\Programs\MiKTeX\tex/latex/l3packages/xpa
rse\xparse.sty
(C:\Users\Reza Shahriari\AppData\Local\Programs\MiKTeX\tex/latex/l3kernel\expl3
.sty
Package: expl3 2023-11-09 L3 programming layer (loader) 

(C:\Users\Reza Shahriari\AppData\Local\Programs\MiKTeX\tex/latex/l3backend\l3ba
ckend-xetex.def
File: l3backend-xetex.def 2023-11-09 L3 backend support: XeTeX
\g__graphics_track_int=\count336
\l__pdf_internal_box=\box84
\g__pdf_backend_object_int=\count337
\g__pdf_backend_annotation_int=\count338
\g__pdf_backend_link_int=\count339
))
Package: xparse 2023-10-10 L3 Experimental document command parser
)
Package: fontspec 2022/01/15 v2.8a Font selection for XeLaTeX and LuaLaTeX

(C:\Users\Reza Shahriari\AppData\Local\Programs\MiKTeX\tex/latex/fontspec\fonts
pec-xetex.sty
Package: fontspec-xetex 2022/01/15 v2.8a Font selection for XeLaTeX and LuaLaTe
X
\l__fontspec_script_int=\count340
\l__fontspec_language_int=\count341
\l__fontspec_strnum_int=\count342
\l__fontspec_tmp_int=\count343
\l__fontspec_tmpa_int=\count344
\l__fontspec_tmpb_int=\count345
\l__fontspec_tmpc_int=\count346
\l__fontspec_em_int=\count347
\l__fontspec_emdef_int=\count348
\l__fontspec_strong_int=\count349
\l__fontspec_strongdef_int=\count350
\l__fontspec_tmpa_dim=\dimen290
\l__fontspec_tmpb_dim=\dimen291
\l__fontspec_tmpc_dim=\dimen292

(C:\Users\Reza Shahriari\AppData\Local\Programs\MiKTeX\tex/latex/base\fontenc.s
ty
Package: fontenc 2021/04/29 v2.0v Standard LaTeX package
)
(C:\Users\Reza Shahriari\AppData\Local\Programs\MiKTeX\tex/latex/fontspec\fonts
pec.cfg)))
(C:\Users\Reza Shahriari\AppData\Local\Programs\MiKTeX\tex/xelatex/xepersian\xe
persian-persiancal.sty
Package: xepersian-persiancal 2012/07/25 v0.2 provides Persian calendar
\XePersian@i=\count351
\XePersian@y=\count352
\XePersian@m=\count353
\XePersian@d=\count354
\XePersian@latini=\count355
\XePersian@persiani=\count356
\XePersian@latinii=\count357
\XePersian@persianii=\count358
\XePersian@latiniii=\count359
\XePersian@persianiii=\count360
\XePersian@latiniv=\count361
\XePersian@persianiv=\count362
\XePersian@latinv=\count363
\XePersian@persianv=\count364
\XePersian@latinvi=\count365
\XePersian@persianvi=\count366
\XePersian@latinvii=\count367
\XePersian@persianvii=\count368
\XePersian@latinviii=\count369
\XePersian@persianviii=\count370
\XePersian@latinix=\count371
\XePersian@persianix=\count372
\XePersian@latinx=\count373
\XePersian@persianx=\count374
\XePersian@latinxi=\count375
\XePersian@persianxi=\count376
\XePersian@latinxii=\count377
\XePersian@persianxii=\count378
\XePersian@persianxiii=\count379
\XePersian@temp=\count380
\XePersian@temptwo=\count381
\XePersian@tempthree=\count382
\XePersian@yModHundred=\count383
\XePersian@thirtytwo=\count384
\XePersian@dn=\count385
\XePersian@sn=\count386
\XePersian@mminusone=\count387
)
(C:\Users\Reza Shahriari\AppData\Local\Programs\MiKTeX\tex/xelatex/xepersian\xe
persian-mathdigitspec.sty
Package: xepersian-mathdigitspec 2022/05/20 v1.2.0 Unicode Persian math digits 
in XeLaTeX
)
(C:\Users\Reza Shahriari\AppData\Local\Programs\MiKTeX\tex/xelatex/bidi\bidi.st
y
Package: bidi 2023/08/02 v39.8 (Release Donald Ervin Knuth) Bidirectional types
etting in plain TeX and LaTeX

****************************************************
* 
* bidi package (Bidirectional typesetting in
* plain TeX and LaTeX, using XeTeX engine)
* 
* Description: A convenient interface for
* typesetting bidirectional texts in plain TeX
* and LaTeX. The package includes adaptations
* for use with many other commonly-used packages.
* 
* Copyright (c) 2007--2023 Vafa Khalighi
* Copyright (c) 2018--2020 bidi-tex GitHub organization
* 
* v39.8 (Release Donald Ervin Knuth), 2023/08/02
* 
* License: LaTeX Project Public License, version
* 1.3c or higher (your choice)
* 
* Location on CTAN: /macros/xetex/latex/bidi
* 
* Issue tracker: https://github.com/kvafa/bidi/issues
* 
* Discussions: https://github.com/kvafa/bidi/discussions
* 
* Primary author of bidi package: Vafa Khalighi.
* 
****************************************************

(C:\Users\Reza Shahriari\AppData\Local\Programs\MiKTeX\tex/xelatex/bidi\biditoo
ls.sty
Package: biditools 2022/06/15 v2.3 Programming tools for bidi package
\@bidi@envbody=\toks49
\@bidi@emptytoks=\toks50
\bidi@poscount=\count388
\bidi@tempcountb=\count389
\bidi@temptoksa=\toks51
\bidi@temptoksb=\toks52
\bidi@dummies=\count390
\bidi@are@these@correct=\toks53
\bidi@toks@lista=\toks54
\bidi@toks@listb=\toks55
\bidi@stack@length=\count391
\bidi@empty@stack=\toks56
\bidi@looprepeat@depth=\count392
)
(C:\Users\Reza Shahriari\AppData\Local\Programs\MiKTeX\tex/latex/zref\zref-absp
age.sty
Package: zref-abspage 2023-09-14 v2.35 Module abspage for zref (HO)

(C:\Users\Reza Shahriari\AppData\Local\Programs\MiKTeX\tex/latex/zref\zref-base
.sty
Package: zref-base 2023-09-14 v2.35 Module base for zref (HO)

(C:\Users\Reza Shahriari\AppData\Local\Programs\MiKTeX\tex/generic/kvdefinekeys
\kvdefinekeys.sty
Package: kvdefinekeys 2019-12-19 v1.6 Define keys (HO)
)
(C:\Users\Reza Shahriari\AppData\Local\Programs\MiKTeX\tex/latex/auxhook\auxhoo
k.sty
Package: auxhook 2019-12-17 v1.6 Hooks for auxiliary files (HO)
)
Package zref Info: New property list: main on input line 767.
Package zref Info: New property: default on input line 768.
Package zref Info: New property: page on input line 769.
)
\c@abspage=\count393
Package zref Info: New property: abspage on input line 67.
)
(C:\Users\Reza Shahriari\AppData\Local\Programs\MiKTeX\tex/latex/xkeyval\xkeyva
l.sty
Package: xkeyval 2022/06/16 v2.9 package option processing (HA)

(C:\Users\Reza Shahriari\AppData\Local\Programs\MiKTeX\tex/generic/xkeyval\xkey
val.tex
(C:\Users\Reza Shahriari\AppData\Local\Programs\MiKTeX\tex/generic/xkeyval\xkvu
tils.tex
\XKV@toks=\toks57
\XKV@tempa@toks=\toks58
)
\XKV@depth=\count394
File: xkeyval.tex 2014/12/03 v2.7a key=value parser (HA)
))
\@bidi@copyins@=\insert252

(C:\Users\Reza Shahriari\AppData\Local\Programs\MiKTeX\tex/xelatex/bidi\latex-x
etex-bidi.def
File: latex-xetex-bidi.def 2022/07/04 v1.4.9 bidi adaptations for `latex.ltx' f
or XeTeX engine
\bidi@n@everypar=\toks59
\bidi@column@check@number=\count395

(C:\Users\Reza Shahriari\AppData\Local\Programs\MiKTeX\tex/xelatex/bidi\footnot
e-xetex-bidi.def
File: footnote-xetex-bidi.def 2023/01/18 v1.2 bidi footnote macros for XeTeX en
gine
\c@footdir@label=\count396
\footdir@toks=\toks60
)
(C:\Users\Reza Shahriari\AppData\Local\Programs\MiKTeX\tex/xelatex/bidi\article
-xetex-bidi.def
File: article-xetex-bidi.def 2017/06/09 v0.6 bidi adaptations for standard arti
cle class for XeTeX engine
)
(C:\Users\Reza Shahriari\AppData\Local\Programs\MiKTeX\tex/xelatex/bidi\amsmath
-xetex-bidi.def
File: amsmath-xetex-bidi.def 2020/05/16 v1.2 bidi adaptations for amsmath packa
ge for XeTeX engine
)
(C:\Users\Reza Shahriari\AppData\Local\Programs\MiKTeX\tex/xelatex/bidi\amstext
-xetex-bidi.def
File: amstext-xetex-bidi.def 2016/09/12 v0.2 bidi adaptations for amstext packa
ge for XeTeX engine
)
(C:\Users\Reza Shahriari\AppData\Local\Programs\MiKTeX\tex/xelatex/bidi\color-x
etex-bidi.def
File: color-xetex-bidi.def 2013/04/08 v0.2 bidi adaptations for color package f
or XeTeX engine
LaTeX Info: Redefining \color on input line 49.
)
(C:\Users\Reza Shahriari\AppData\Local\Programs\MiKTeX\tex/xelatex/bidi\xcolor-
xetex-bidi.def
File: xcolor-xetex-bidi.def 2022/06/13 v0.3 bidi adaptations for xcolor package
 for XeTeX engine
LaTeX Info: Redefining \color on input line 48.
LaTeX Info: Redefining \bidicolor on input line 91.
)
(C:\Users\Reza Shahriari\AppData\Local\Programs\MiKTeX\tex/xelatex/bidi\colortb
l-xetex-bidi.def
File: colortbl-xetex-bidi.def 2012/06/10 v0.2 bidi adaptations for colortbl pac
kage for XeTeX engine
)
(C:\Users\Reza Shahriari\AppData\Local\Programs\MiKTeX\tex/xelatex/bidi\float-x
etex-bidi.def
File: float-xetex-bidi.def 2013/04/04 v0.2 bidi adaptations for float package f
or XeTeX engine
)
(C:\Users\Reza Shahriari\AppData\Local\Programs\MiKTeX\tex/xelatex/bidi\graphic
x-xetex-bidi.def
File: graphicx-xetex-bidi.def 2017/06/17 v0.5 bidi adaptations for graphicx pac
kage for XeTeX engine
)
(C:\Users\Reza Shahriari\AppData\Local\Programs\MiKTeX\tex/xelatex/bidi\geometr
y-xetex-bidi.def
File: geometry-xetex-bidi.def 2017/01/14 v0.2 bidi adaptations for geometry pac
kage for XeTeX engine
)
(C:\Users\Reza Shahriari\AppData\Local\Programs\MiKTeX\tex/xelatex/bidi\tabular
x-xetex-bidi.def
File: tabularx-xetex-bidi.def 2014/11/08 v0.1 bidi adaptations for tabularx pac
kage for XeTeX engine
)
(C:\Users\Reza Shahriari\AppData\Local\Programs\MiKTeX\tex/xelatex/bidi\framed-
xetex-bidi.def
File: framed-xetex-bidi.def 2012/06/05 v0.3 bidi adaptations for framed package
 for XeTeX engine
)
(C:\Users\Reza Shahriari\AppData\Local\Programs\MiKTeX\tex/xelatex/bidi\lineno-
xetex-bidi.def
File: lineno-xetex-bidi.def 2018/01/28 v0.2 bidi adaptations for lineno package
 for XeTeX engine
)
(C:\Users\Reza Shahriari\AppData\Local\Programs\MiKTeX\tex/xelatex/bidi\pgfcore
scopes.code-xetex-bidi.def
File: pgfcorescopes.code-xetex-bidi.def 2015/11/14 v0.1 bidi adaptations for pg
f package for XeTeX engine
)
(C:\Users\Reza Shahriari\AppData\Local\Programs\MiKTeX\tex/xelatex/bidi\array-x
etex-bidi.def
File: array-xetex-bidi.def 2015/11/07 v0.3 bidi adaptations for array package f
or XeTeX engine
)
(C:\Users\Reza Shahriari\AppData\Local\Programs\MiKTeX\tex/xelatex/bidi\pgfsys.
code-xetex-bidi.def
File: pgfsys.code-xetex-bidi.def 2022/06/01 v0.1 bidi adaptations for pgfsys.co
de.tex file for XeTeX engine
)
(C:\Users\Reza Shahriari\AppData\Local\Programs\MiKTeX\tex/xelatex/bidi\tcolorb
ox-xetex-bidi.def
File: tcolorbox-xetex-bidi.def 2018/11/11 v0.2 bidi adaptations for tcolorbox p
ackage for XeTeX engine
))
(C:\Users\Reza Shahriari\AppData\Local\Programs\MiKTeX\tex/xelatex/bidi\loading
order-xetex-bidi.def
File: loadingorder-xetex-bidi.def 2017/12/29 v0.97 making sure that bidi is the
 last package loaded
)
\bidi@digits=\count397
\bidi@digits@charclass=\XeTeXcharclass1
\bidi@sepmark@charclass=\XeTeXcharclass2
)
****************************************************
* 
* xepersian package (Persian for LaTeX, using XeTeX engine)
* 
* Description: The package supports Persian
* typesetting, using fonts provided in the
* distribution.
* 
* Copyright (c) 2008--2023 Vafa Khalighi
* Copyright (c) 2018--2020 bidi-tex GitHub Organization
* 
* v25.0 (Release Women, Life, and Freedom), 2023/08/30
* 
* License: LaTeX Project Public License, version
* 1.3c or higher (your choice)
* 
* Location on CTAN: /macros/xetex/latex/xepersian
* 
* Issue tracker: https://github.com/kvafa/xepersian/issues
* 
* Discussions: https://github.com/kvafa/xepersian/discussions
* 
* Primary author of xepersian package: Vafa Khalighi.
* 
****************************************************
\xepersian@tcl=\count398
\xepersian@ilg=\dimen293
\xepersian@strutilg=\dimen294

(C:\Users\Reza Shahriari\AppData\Local\Programs\MiKTeX\tex/xelatex/xepersian\lo
adingorder-xepersian.def
File: loadingorder-xepersian.def 2018/09/29 v0.5 making sure that xepersian is 
the last package loaded
)
(C:\Users\Reza Shahriari\AppData\Local\Programs\MiKTeX\tex/xelatex/xepersian\fo
otnote-xepersian.def
File: footnote-xepersian.def 2017/08/09 v0.6 footnote macros for xepersian pack
age
)
(C:\Users\Reza Shahriari\AppData\Local\Programs\MiKTeX\tex/xelatex/xepersian\fr
amed-xepersian.def
File: framed-xepersian.def 2012/06/05 v0.1 xepersian adaptations for framed pac
kage for XeTeX engine
)
(C:\Users\Reza Shahriari\AppData\Local\Programs\MiKTeX\tex/xelatex/xepersian\ar
ticle-xepersian.def
File: article-xepersian.def 2010/07/25 v0.2 adaptations for standard article cl
ass
)

Package fontspec Info: Font family 'lmroman10-regular(0)' created for font
(fontspec)             'lmroman10-regular' with options
(fontspec)             [Ligatures=TeX,Path,BoldFont={lmroman10-bold},BoldItalic
Font={lmroman10-bolditalic},ItalicFont={lmroman10-italic},SmallCapsFont={lmroma
ncaps10-regular},SlantedFont={lmromanslant10-regular},BoldSlantedFont={lmromans
lant10-bold}].
(fontspec)              
(fontspec)              This font family consists of the following NFSS
(fontspec)             series/shapes:
(fontspec)              
(fontspec)             - 'normal' (m/n) with NFSS spec.:
(fontspec)             <->"[lmroman10-regular]/OT:script=latn;language=dflt;map
ping=tex-text;"
(fontspec)             - 'small caps'  (m/sc) with NFSS spec.:
(fontspec)             <->"[lmromancaps10-regular]/OT:script=latn;language=dflt
;mapping=tex-text;"
(fontspec)             - 'bold' (b/n) with NFSS spec.:
(fontspec)             <->"[lmroman10-bold]/OT:script=latn;language=dflt;mappin
g=tex-text;"
(fontspec)             - 'bold small caps'  (b/sc) with NFSS spec.:
(fontspec)             <->"[lmromancaps10-regular]/OT:script=latn;language=dflt
;mapping=tex-text;"
(fontspec)             - 'italic' (m/it) with NFSS spec.:
(fontspec)             <->"[lmroman10-italic]/OT:script=latn;language=dflt;mapp
ing=tex-text;"
(fontspec)             - 'italic small caps'  (m/scit) with NFSS spec.:
(fontspec)             <->"[lmromancaps10-regular]/OT:script=latn;language=dflt
;mapping=tex-text;"
(fontspec)             - 'slanted' (m/sl) with NFSS spec.:
(fontspec)             <->"[lmromanslant10-regular]/OT:script=latn;language=dfl
t;mapping=tex-text;"
(fontspec)             - 'slanted small caps'  (m/scsl) with NFSS spec.:
(fontspec)             <->"[lmromancaps10-regular]/OT:script=latn;language=dflt
;mapping=tex-text;"
(fontspec)             - 'bold italic' (b/it) with NFSS spec.:
(fontspec)             <->"[lmroman10-bolditalic]/OT:script=latn;language=dflt;
mapping=tex-text;"
(fontspec)             - 'bold italic small caps'  (b/scit) with NFSS spec.:
(fontspec)             <->"[lmromancaps10-regular]/OT:script=latn;language=dflt
;mapping=tex-text;"
(fontspec)             - 'bold slanted' (b/sl) with NFSS spec.:
(fontspec)             <->"[lmromanslant10-bold]/OT:script=latn;language=dflt;m
apping=tex-text;"
(fontspec)             - 'bold slanted small caps'  (b/scsl) with NFSS spec.:
(fontspec)             <->"[lmromancaps10-regular]/OT:script=latn;language=dflt
;mapping=tex-text;"

))

Package fontspec Info: Font family 'BNAZANIN.TTF(0)' created for font
(fontspec)             'BNAZANIN.TTF' with options
(fontspec)             [RawFeature={script=arab},Ligatures=PersianTeX].
(fontspec)              
(fontspec)              This font family consists of the following NFSS
(fontspec)             series/shapes:
(fontspec)              
(fontspec)             - 'normal' (m/n) with NFSS spec.:
(fontspec)             <->"[BNAZANIN.TTF]/OT:language=dflt;script=arab;mapping=
persian-tex-text;"
(fontspec)             - 'small caps'  (m/sc) with NFSS spec.: 

runsystem(for ^%i in (pygmentize.exe pygmentize.bat pygmentize.cmd) do set > ma
in.aex <nul: /p x=^%~$PATH:i>> main.aex)...executed.

runsystem(del main.aex)...executed.

 (main.aux)
\openout1 = `main.aux'.

LaTeX Font Info:    Checking defaults for OML/cmm/m/it on input line 35.
LaTeX Font Info:    ... okay on input line 35.
LaTeX Font Info:    Checking defaults for OMS/cmsy/m/n on input line 35.
LaTeX Font Info:    ... okay on input line 35.
LaTeX Font Info:    Checking defaults for OT1/cmr/m/n on input line 35.
LaTeX Font Info:    ... okay on input line 35.
LaTeX Font Info:    Checking defaults for T1/cmr/m/n on input line 35.
LaTeX Font Info:    ... okay on input line 35.
LaTeX Font Info:    Checking defaults for TS1/cmr/m/n on input line 35.
LaTeX Font Info:    Trying to load font information for TS1+cmr on input line 3
5.

(C:\Users\Reza Shahriari\AppData\Local\Programs\MiKTeX\tex/latex/base\ts1cmr.fd
File: ts1cmr.fd 2023/04/13 v2.5m Standard LaTeX font definitions
)
LaTeX Font Info:    ... okay on input line 35.
LaTeX Font Info:    Checking defaults for TU/lmr/m/n on input line 35.
LaTeX Font Info:    ... okay on input line 35.
LaTeX Font Info:    Checking defaults for OMX/cmex/m/n on input line 35.
LaTeX Font Info:    ... okay on input line 35.
LaTeX Font Info:    Checking defaults for U/cmr/m/n on input line 35.
LaTeX Font Info:    ... okay on input line 35.

*geometry* driver: auto-detecting
*geometry* detected driver: xetex
*geometry* verbose mode - [ preamble ] result:
* driver: xetex
* paper: <default>
* layout: <same size as paper>
* layoutoffset:(h,v)=(0.0pt,0.0pt)
* modes: twoside 
* h-part:(L,W,R)=(36.135pt, 542.02501pt, 36.135pt)
* v-part:(T,H,B)=(72.26999pt, 668.4975pt, 54.2025pt)
* \paperwidth=614.295pt
* \paperheight=794.96999pt
* \textwidth=542.02501pt
* \textheight=668.4975pt
* \oddsidemargin=-36.135pt
* \evensidemargin=-36.135pt
* \topmargin=-37.0pt
* \headheight=12.0pt
* \headsep=25.0pt
* \topskip=10.0pt
* \footskip=30.0pt
* \marginparwidth=65.0pt
* \marginparsep=11.0pt
* \columnsep=10.0pt
* \skip\footins=9.0pt plus 4.0pt minus 2.0pt
* \hoffset=0.0pt
* \voffset=0.0pt
* \mag=1000
* \@twocolumnfalse
* \@twosidetrue
* \@mparswitchtrue
* \@reversemarginfalse
* (1in=72.27pt=25.4mm, 1cm=28.453pt)

File: Header.png Graphic file (type bmp)
<Header.png>

Package fontspec Info: Could not resolve font "Feelfree Personal Use/BI" (it
(fontspec)             probably doesn't exist).


Package fontspec Info: Could not resolve font "Feelfree Personal Use/B" (it
(fontspec)             probably doesn't exist).


Package fontspec Info: Could not resolve font "Feelfree Personal Use/I" (it
(fontspec)             probably doesn't exist).


Package fontspec Info: Font family 'FeelfreePersonalUse(0)' created for font
(fontspec)             'Feelfree Personal Use' with options [Ligatures=TeX].
(fontspec)              
(fontspec)              This font family consists of the following NFSS
(fontspec)             series/shapes:
(fontspec)              
(fontspec)             - 'normal' (m/n) with NFSS spec.: <->"Feelfree Personal
(fontspec)             Use/OT:language=dflt;mapping=tex-text;"
(fontspec)             - 'small caps'  (m/sc) with NFSS spec.: 

LaTeX Info: Redefining \latinfont on input line 52.
Missing character: There is no . in font Feelfree Personal Use Regular/OT:langu
age=dflt;mapping=tex-text;!
Missing character: There is no - in font Feelfree Personal Use Regular/OT:langu
age=dflt;mapping=tex-text;!

Package fontspec Info: Font family 'TimesNewRoman(0)' created for font 'Times
(fontspec)             New Roman' with options [Ligatures=TeX].
(fontspec)              
(fontspec)              This font family consists of the following NFSS
(fontspec)             series/shapes:
(fontspec)              
(fontspec)             - 'normal' (m/n) with NFSS spec.: <->"Times New
(fontspec)             Roman/OT:script=latn;language=dflt;mapping=tex-text;"
(fontspec)             - 'small caps'  (m/sc) with NFSS spec.: <->"Times New
(fontspec)             Roman/OT:script=latn;language=dflt;+smcp;mapping=tex-tex
t;"
(fontspec)             - 'bold' (b/n) with NFSS spec.: <->"Times New
(fontspec)             Roman/B/OT:script=latn;language=dflt;mapping=tex-text;"
(fontspec)             - 'bold small caps'  (b/sc) with NFSS spec.: <->"Times
(fontspec)             New
(fontspec)             Roman/B/OT:script=latn;language=dflt;+smcp;mapping=tex-t
ext;"
(fontspec)             - 'italic' (m/it) with NFSS spec.: <->"Times New
(fontspec)             Roman/I/OT:script=latn;language=dflt;mapping=tex-text;"
(fontspec)             - 'italic small caps'  (m/scit) with NFSS spec.:
(fontspec)             <->"Times New
(fontspec)             Roman/I/OT:script=latn;language=dflt;+smcp;mapping=tex-t
ext;"
(fontspec)             - 'bold italic' (b/it) with NFSS spec.: <->"Times New
(fontspec)             Roman/BI/OT:script=latn;language=dflt;mapping=tex-text;"

(fontspec)             - 'bold italic small caps'  (b/scit) with NFSS spec.:
(fontspec)             <->"Times New
(fontspec)             Roman/BI/OT:script=latn;language=dflt;+smcp;mapping=tex-
text;"

LaTeX Info: Redefining \latinfont on input line 59.

LaTeX Font Warning: Font shape `TU/BNAZANIN.TTF(0)/b/n' undefined
(Font)              using `TU/BNAZANIN.TTF(0)/m/n' instead on input line 61.

LaTeX Font Info:    Trying to load font information for U+msa on input line 63.


(C:\Users\Reza Shahriari\AppData\Local\Programs\MiKTeX\tex/latex/amsfonts\umsa.
fd
File: umsa.fd 2013/01/14 v3.01 AMS symbols A
)
LaTeX Font Info:    Trying to load font information for U+msb on input line 63.


(C:\Users\Reza Shahriari\AppData\Local\Programs\MiKTeX\tex/latex/amsfonts\umsb.
fd
File: umsb.fd 2013/01/14 v3.01 AMS symbols B
)
LaTeX Font Info:    Trying to load font information for U+rsfs on input line 63
.

(C:\Users\Reza Shahriari\AppData\Local\Programs\MiKTeX\tex/latex/jknappen\ursfs
.fd
File: ursfs.fd 1998/03/24 rsfs font definition file (jk)
)
Missing character: There is no W in font [BNAZANIN.TTF]/OT:language=dflt;script
=arab;mapping=persian-tex-text;!
Missing character: There is no W in font [BNAZANIN.TTF]/OT:language=dflt;script
=arab;mapping=persian-tex-text;!
Missing character: There is no W in font [BNAZANIN.TTF]/OT:language=dflt;script
=arab;mapping=persian-tex-text;!
Missing character: There is no W in font [BNAZANIN.TTF]/OT:language=dflt;script
=arab;mapping=persian-tex-text;!

\endL or \endR problem (0 missing, 1 extra) in paragraph at lines 72--72
 [][][][] 
 []

Missing character: There is no W in font [BNAZANIN.TTF]/OT:language=dflt;script
=arab;mapping=persian-tex-text;!
Missing character: There is no W in font [BNAZANIN.TTF]/OT:language=dflt;script
=arab;mapping=persian-tex-text;!
Missing character: There is no W in font [BNAZANIN.TTF]/OT:language=dflt;script
=arab;mapping=persian-tex-text;!
Missing character: There is no W in font [BNAZANIN.TTF]/OT:language=dflt;script
=arab;mapping=persian-tex-text;!

\endL or \endR problem (0 missing, 1 extra) in paragraph at lines 87--87
 [][][][] 
 []

Missing character: There is no W in font [BNAZANIN.TTF]/OT:language=dflt;script
=arab;mapping=persian-tex-text;!
Missing character: There is no W in font [BNAZANIN.TTF]/OT:language=dflt;script
=arab;mapping=persian-tex-text;!
Missing character: There is no W in font [BNAZANIN.TTF]/OT:language=dflt;script
=arab;mapping=persian-tex-text;!
Missing character: There is no W in font [BNAZANIN.TTF]/OT:language=dflt;script
=arab;mapping=persian-tex-text;!

\endL or \endR problem (0 missing, 1 extra) in paragraph at lines 91--91
 [][][][] 
 []

File: Second Series/4.png Graphic file (type bmp)
<Second Series/4.png>
Missing character: There is no W in font [BNAZANIN.TTF]/OT:language=dflt;script
=arab;mapping=persian-tex-text;!
Missing character: There is no W in font [BNAZANIN.TTF]/OT:language=dflt;script
=arab;mapping=persian-tex-text;!
Missing character: There is no W in font [BNAZANIN.TTF]/OT:language=dflt;script
=arab;mapping=persian-tex-text;!
Missing character: There is no W in font [BNAZANIN.TTF]/OT:language=dflt;script
=arab;mapping=persian-tex-text;!

\endL or \endR problem (0 missing, 1 extra) in paragraph at lines 102--102
 [][][][] 
 []

File: Second Series/5.png Graphic file (type bmp)
<Second Series/5.png>

LaTeX Font Warning: Font shape `TU/BNAZANIN.TTF(0)/m/sl' undefined
(Font)              using `TU/BNAZANIN.TTF(0)/m/n' instead on input line 106.

[1

]
Missing character: There is no W in font [BNAZANIN.TTF]/OT:language=dflt;script
=arab;mapping=persian-tex-text;!
Missing character: There is no W in font [BNAZANIN.TTF]/OT:language=dflt;script
=arab;mapping=persian-tex-text;!
Missing character: There is no W in font [BNAZANIN.TTF]/OT:language=dflt;script
=arab;mapping=persian-tex-text;!
Missing character: There is no W in font [BNAZANIN.TTF]/OT:language=dflt;script
=arab;mapping=persian-tex-text;!

\endL or \endR problem (0 missing, 1 extra) in paragraph at lines 115--115
 [][][][] 
 []

Missing character: There is no W in font [BNAZANIN.TTF]/OT:language=dflt;script
=arab;mapping=persian-tex-text;!
Missing character: There is no W in font [BNAZANIN.TTF]/OT:language=dflt;script
=arab;mapping=persian-tex-text;!
Missing character: There is no W in font [BNAZANIN.TTF]/OT:language=dflt;script
=arab;mapping=persian-tex-text;!
Missing character: There is no W in font [BNAZANIN.TTF]/OT:language=dflt;script
=arab;mapping=persian-tex-text;!

\endL or \endR problem (0 missing, 1 extra) in paragraph at lines 137--137
 [][][][] 
 []

Missing character: There is no W in font [BNAZANIN.TTF]/OT:language=dflt;script
=arab;mapping=persian-tex-text;!
Missing character: There is no W in font [BNAZANIN.TTF]/OT:language=dflt;script
=arab;mapping=persian-tex-text;!
Missing character: There is no W in font [BNAZANIN.TTF]/OT:language=dflt;script
=arab;mapping=persian-tex-text;!
Missing character: There is no W in font [BNAZANIN.TTF]/OT:language=dflt;script
=arab;mapping=persian-tex-text;!

\endL or \endR problem (0 missing, 1 extra) in paragraph at lines 148--148
 [][][][] 
 []

File: Second Series/2.png Graphic file (type bmp)
<Second Series/2.png>
Missing character: There is no W in font [BNAZANIN.TTF]/OT:language=dflt;script
=arab;mapping=persian-tex-text;!
Missing character: There is no W in font [BNAZANIN.TTF]/OT:language=dflt;script
=arab;mapping=persian-tex-text;!
Missing character: There is no W in font [BNAZANIN.TTF]/OT:language=dflt;script
=arab;mapping=persian-tex-text;!
Missing character: There is no W in font [BNAZANIN.TTF]/OT:language=dflt;script
=arab;mapping=persian-tex-text;!

\endL or \endR problem (0 missing, 1 extra) in paragraph at lines 163--163
 [][][][] 
 []

File: Second Series/3.png Graphic file (type bmp)
<Second Series/3.png>
[2]
Missing character: There is no W in font [BNAZANIN.TTF]/OT:language=dflt;script
=arab;mapping=persian-tex-text;!
Missing character: There is no W in font [BNAZANIN.TTF]/OT:language=dflt;script
=arab;mapping=persian-tex-text;!
Missing character: There is no W in font [BNAZANIN.TTF]/OT:language=dflt;script
=arab;mapping=persian-tex-text;!
Missing character: There is no W in font [BNAZANIN.TTF]/OT:language=dflt;script
=arab;mapping=persian-tex-text;!

\endL or \endR problem (0 missing, 1 extra) in paragraph at lines 182--182
 [][][][] 
 []

Missing character: There is no W in font [BNAZANIN.TTF]/OT:language=dflt;script
=arab;mapping=persian-tex-text;!
Missing character: There is no W in font [BNAZANIN.TTF]/OT:language=dflt;script
=arab;mapping=persian-tex-text;!
Missing character: There is no W in font [BNAZANIN.TTF]/OT:language=dflt;script
=arab;mapping=persian-tex-text;!
Missing character: There is no W in font [BNAZANIN.TTF]/OT:language=dflt;script
=arab;mapping=persian-tex-text;!

\endL or \endR problem (0 missing, 1 extra) in paragraph at lines 198--198
 [][][][] 
 []

Missing character: There is no W in font [BNAZANIN.TTF]/OT:language=dflt;script
=arab;mapping=persian-tex-text;!
Missing character: There is no W in font [BNAZANIN.TTF]/OT:language=dflt;script
=arab;mapping=persian-tex-text;!
Missing character: There is no W in font [BNAZANIN.TTF]/OT:language=dflt;script
=arab;mapping=persian-tex-text;!
Missing character: There is no W in font [BNAZANIN.TTF]/OT:language=dflt;script
=arab;mapping=persian-tex-text;!

\endL or \endR problem (0 missing, 1 extra) in paragraph at lines 209--209
 [][][][] 
 []

[3]
File: Second Series/1.png Graphic file (type bmp)
<Second Series/1.png>

Missing character: There is no W in font [BNAZANIN.TTF]/OT:language=dflt;script
=arab;mapping=persian-tex-text;!
Missing character: There is no W in font [BNAZANIN.TTF]/OT:language=dflt;script
=arab;mapping=persian-tex-text;!
Missing character: There is no W in font [BNAZANIN.TTF]/OT:language=dflt;script
=arab;mapping=persian-tex-text;!
Missing character: There is no W in font [BNAZANIN.TTF]/OT:language=dflt;script
=arab;mapping=persian-tex-text;!

\endL or \endR problem (0 missing, 1 extra) in paragraph at lines 223--223
 [][][][] 
 []

File: Second Series/6.png Graphic file (type bmp)
<Second Series/6.png>
Missing character: There is no W in font [BNAZANIN.TTF]/OT:language=dflt;script
=arab;mapping=persian-tex-text;!
Missing character: There is no W in font [BNAZANIN.TTF]/OT:language=dflt;script
=arab;mapping=persian-tex-text;!
Missing character: There is no W in font [BNAZANIN.TTF]/OT:language=dflt;script
=arab;mapping=persian-tex-text;!
Missing character: There is no W in font [BNAZANIN.TTF]/OT:language=dflt;script
=arab;mapping=persian-tex-text;!

\endL or \endR problem (0 missing, 1 extra) in paragraph at lines 238--238
 [][][][] 
 []

File: Second Series/7.png Graphic file (type bmp)
<Second Series/7.png>
Missing character: There is no W in font [BNAZANIN.TTF]/OT:language=dflt;script
=arab;mapping=persian-tex-text;!
Missing character: There is no W in font [BNAZANIN.TTF]/OT:language=dflt;script
=arab;mapping=persian-tex-text;!
Missing character: There is no W in font [BNAZANIN.TTF]/OT:language=dflt;script
=arab;mapping=persian-tex-text;!
Missing character: There is no W in font [BNAZANIN.TTF]/OT:language=dflt;script
=arab;mapping=persian-tex-text;!

\endL or \endR problem (0 missing, 1 extra) in paragraph at lines 255--255
 [][][][] 
 []

[4] [5]
Missing character: There is no W in font [BNAZANIN.TTF]/OT:language=dflt;script
=arab;mapping=persian-tex-text;!
Missing character: There is no W in font [BNAZANIN.TTF]/OT:language=dflt;script
=arab;mapping=persian-tex-text;!
Missing character: There is no W in font [BNAZANIN.TTF]/OT:language=dflt;script
=arab;mapping=persian-tex-text;!
Missing character: There is no W in font [BNAZANIN.TTF]/OT:language=dflt;script
=arab;mapping=persian-tex-text;!

\endL or \endR problem (0 missing, 1 extra) in paragraph at lines 267--267
 [][][][] 
 []

[6] (main.aux)
 ***********
LaTeX2e <2023-11-01>
L3 programming layer <2023-11-09>
 ***********


LaTeX Font Warning: Some font shapes were not available, defaults substituted.

 ) 
Here is how much of TeX's memory you used:
 25443 strings out of 409718
 574915 string characters out of 5774132
 1930189 words of memory out of 5000000
 46931 multiletter control sequences out of 15000+600000
 560527 words of font info for 80 fonts, out of 8000000 for 9000
 1348 hyphenation exceptions out of 8191
 106i,6n,110p,1311b,538s stack positions out of 10000i,1000n,20000p,200000b,200000s

Output written on main.pdf (6 pages).
